<?xml version="1.0" encoding="UTF-8"?>
<testsuite name="pl.stqa.pft.addressbook.tests.GroupCreationTest" tests="7" skipped="0" failures="0" errors="0" timestamp="2017-11-25T21:12:40" hostname="PLGLI2NB0042" time="36.249">
  <properties/>
  <testcase name="testBadGroupCreation" classname="pl.stqa.pft.addressbook.tests.GroupCreationTest" time="8.024"/>
  <testcase name="testGroupCreation[0](GroupData{id='0', name='test 0'})" classname="pl.stqa.pft.addressbook.tests.GroupCreationTest" time="4.734"/>
  <testcase name="testGroupCreation[1](GroupData{id='0', name='test 1'})" classname="pl.stqa.pft.addressbook.tests.GroupCreationTest" time="4.825"/>
  <testcase name="testGroupCreation[2](GroupData{id='0', name='test 2'})" classname="pl.stqa.pft.addressbook.tests.GroupCreationTest" time="4.396"/>
  <testcase name="testGroupCreationJson[0](GroupData{id='2147483647', name='test 0'})" classname="pl.stqa.pft.addressbook.tests.GroupCreationTest" time="4.381"/>
  <testcase name="testGroupCreationJson[1](GroupData{id='2147483647', name='test 1'})" classname="pl.stqa.pft.addressbook.tests.GroupCreationTest" time="4.824"/>
  <testcase name="testGroupCreationJson[2](GroupData{id='2147483647', name='test 2'})" classname="pl.stqa.pft.addressbook.tests.GroupCreationTest" time="4.848"/>
  <system-out><![CDATA[]]></system-out>
  <system-err><![CDATA[]]></system-err>
</testsuite>
