<?xml version="1.0" encoding="UTF-8"?>
<testsuite name="pl.stqa.pft.addressbook.tests.ContactModification" tests="1" skipped="0" failures="0" errors="0" timestamp="2017-11-25T21:27:11" hostname="PLGLI2NB0042" time="13.448">
  <properties/>
  <testcase name="testContactModification" classname="pl.stqa.pft.addressbook.tests.ContactModification" time="13.448"/>
  <system-out><![CDATA[]]></system-out>
  <system-err><![CDATA[]]></system-err>
</testsuite>
